<?xml version="1.0" encoding="UTF-8"?>
<!-- Generated by org.testng.reporters.JUnitXMLReporter -->
<testsuite hostname="Bindhus-MacBook-Pro.local" ignored="0" name="Command line test" tests="11" failures="1" timestamp="01 Dec 2017 22:31:02 GMT" time="1.878" errors="0">
  <testcase name="loginToApplication" time="0.022" classname="WAVE_FITS.TestingIdentifiers">
    <failure type="java.lang.NoClassDefFoundError" message="org/openqa/selenium/interactions/internal/Locatable">
      <![CDATA[java.lang.NoClassDefFoundError: org/openqa/selenium/interactions/internal/Locatable
	at org.openqa.selenium.support.pagefactory.DefaultFieldDecorator.proxyForLocator(DefaultFieldDecorator.java:101)
	at org.openqa.selenium.support.pagefactory.DefaultFieldDecorator.decorate(DefaultFieldDecorator.java:62)
	at org.openqa.selenium.support.PageFactory.proxyFields(PageFactory.java:113)
	at org.openqa.selenium.support.PageFactory.initElements(PageFactory.java:105)
	at org.openqa.selenium.support.PageFactory.initElements(PageFactory.java:92)
	at org.openqa.selenium.support.PageFactory.initElements(PageFactory.java:79)
	at Pages.AddingEntity.<init>(AddingEntity.java:15)
	at TestResources.PageResources.<init>(PageResources.java:66)
	at WAVE_FITS.Helper.<init>(Helper.java:19)
	at WAVE_FITS.TestingIdentifiers.loginToApplication(TestingIdentifiers.java:37)
	at org.codehaus.mojo.exec.ExecJavaMojo$1.run(ExecJavaMojo.java:282)
	at java.lang.Thread.run(Thread.java:748)
Caused by: java.lang.ClassNotFoundException: org.openqa.selenium.interactions.internal.Locatable
	at java.net.URLClassLoader.findClass(URLClassLoader.java:381)
	at java.lang.ClassLoader.loadClass(ClassLoader.java:424)
	at java.lang.ClassLoader.loadClass(ClassLoader.java:357)
	... 40 more
... Removed 28 stack frames]]>
    </failure>
  </testcase> <!-- loginToApplication -->
  <testcase name="testCase1" time="0.0" classname="WAVE_FITS.TestingIdentifiers">
    <skipped/>
  </testcase> <!-- testCase1 -->
  <testcase name="testCase2" time="0.0" classname="WAVE_FITS.TestingIdentifiers">
    <skipped/>
  </testcase> <!-- testCase2 -->
  <testcase name="testCase3" time="0.0" classname="WAVE_FITS.TestingIdentifiers">
    <skipped/>
  </testcase> <!-- testCase3 -->
  <testcase name="testCase4" time="0.0" classname="WAVE_FITS.TestingIdentifiers">
    <skipped/>
  </testcase> <!-- testCase4 -->
  <testcase name="testCase5" time="0.0" classname="WAVE_FITS.TestingIdentifiers">
    <skipped/>
  </testcase> <!-- testCase5 -->
  <testcase name="testCase6" time="0.0" classname="WAVE_FITS.TestingIdentifiers">
    <skipped/>
  </testcase> <!-- testCase6 -->
  <testcase name="testCase7" time="0.0" classname="WAVE_FITS.TestingIdentifiers">
    <skipped/>
  </testcase> <!-- testCase7 -->
  <testcase name="testCase8" time="0.0" classname="WAVE_FITS.TestingIdentifiers">
    <skipped/>
  </testcase> <!-- testCase8 -->
  <testcase name="testCase9" time="0.0" classname="WAVE_FITS.TestingIdentifiers">
    <skipped/>
  </testcase> <!-- testCase9 -->
  <testcase name="testCase10" time="0.0" classname="WAVE_FITS.TestingIdentifiers">
    <skipped/>
  </testcase> <!-- testCase10 -->
</testsuite> <!-- Command line test -->
